[2026-04-06 10:25:19Z INFO HostContext] No proxy settings were found based on environmental variables (http_proxy/https_proxy/HTTP_PROXY/HTTPS_PROXY)
[2026-04-06 10:25:19Z INFO HostContext] Well known directory 'Bin': 'C:\Users\ridhu\OneDrive\Documents\Docker Learning\DockerLearning\actions-runner\bin'
[2026-04-06 10:25:19Z INFO HostContext] Well known directory 'Root': 'C:\Users\ridhu\OneDrive\Documents\Docker Learning\DockerLearning\actions-runner'
[2026-04-06 10:25:19Z INFO HostContext] Well known config file 'Credentials': 'C:\Users\ridhu\OneDrive\Documents\Docker Learning\DockerLearning\actions-runner\.credentials'
[2026-04-06 10:25:19Z INFO HostContext] Well known directory 'Bin': 'C:\Users\ridhu\OneDrive\Documents\Docker Learning\DockerLearning\actions-runner\bin'
[2026-04-06 10:25:19Z INFO HostContext] Well known directory 'Root': 'C:\Users\ridhu\OneDrive\Documents\Docker Learning\DockerLearning\actions-runner'
[2026-04-06 10:25:19Z INFO HostContext] Well known config file 'Runner': 'C:\Users\ridhu\OneDrive\Documents\Docker Learning\DockerLearning\actions-runner\.runner'
[2026-04-06 10:25:19Z INFO Listener] Runner is built for Windows (X64) - win-x64.
[2026-04-06 10:25:19Z INFO Listener] RuntimeInformation: Microsoft Windows 10.0.26200.
[2026-04-06 10:25:19Z INFO Listener] Version: 2.333.1
[2026-04-06 10:25:19Z INFO Listener] Commit: 6792966801e8925346735b68c03bf9f347af4646
[2026-04-06 10:25:19Z INFO Listener] Culture: en-US
[2026-04-06 10:25:19Z INFO Listener] UI Culture: en-US
[2026-04-06 10:25:19Z INFO HostContext] Well known directory 'Bin': 'C:\Users\ridhu\OneDrive\Documents\Docker Learning\DockerLearning\actions-runner\bin'
[2026-04-06 10:25:19Z INFO HostContext] Well known directory 'Root': 'C:\Users\ridhu\OneDrive\Documents\Docker Learning\DockerLearning\actions-runner'
[2026-04-06 10:25:19Z INFO Listener] Validating directory permissions for: 'C:\Users\ridhu\OneDrive\Documents\Docker Learning\DockerLearning\actions-runner'
[2026-04-06 10:25:19Z INFO CommandLineParser] Parse
[2026-04-06 10:25:19Z INFO CommandLineParser] Parsing 1 args
[2026-04-06 10:25:19Z INFO CommandLineParser] parsing argument
[2026-04-06 10:25:19Z INFO CommandLineParser] HasArgs: False
[2026-04-06 10:25:19Z INFO CommandLineParser] Adding Command: run
[2026-04-06 10:25:19Z INFO Listener] Arguments parsed
[2026-04-06 10:25:19Z INFO Runner] ExecuteCommand
[2026-04-06 10:25:19Z INFO ConfigurationStore] currentAssemblyLocation: C:\Users\ridhu\OneDrive\Documents\Docker Learning\DockerLearning\actions-runner\bin\Runner.Listener.dll
[2026-04-06 10:25:19Z INFO HostContext] Well known directory 'Bin': 'C:\Users\ridhu\OneDrive\Documents\Docker Learning\DockerLearning\actions-runner\bin'
[2026-04-06 10:25:19Z INFO ConfigurationStore] binPath: C:\Users\ridhu\OneDrive\Documents\Docker Learning\DockerLearning\actions-runner\bin
[2026-04-06 10:25:19Z INFO HostContext] Well known directory 'Bin': 'C:\Users\ridhu\OneDrive\Documents\Docker Learning\DockerLearning\actions-runner\bin'
[2026-04-06 10:25:19Z INFO HostContext] Well known directory 'Root': 'C:\Users\ridhu\OneDrive\Documents\Docker Learning\DockerLearning\actions-runner'
[2026-04-06 10:25:19Z INFO ConfigurationStore] RootFolder: C:\Users\ridhu\OneDrive\Documents\Docker Learning\DockerLearning\actions-runner
[2026-04-06 10:25:19Z INFO HostContext] Well known directory 'Bin': 'C:\Users\ridhu\OneDrive\Documents\Docker Learning\DockerLearning\actions-runner\bin'
[2026-04-06 10:25:19Z INFO HostContext] Well known directory 'Root': 'C:\Users\ridhu\OneDrive\Documents\Docker Learning\DockerLearning\actions-runner'
[2026-04-06 10:25:19Z INFO HostContext] Well known config file 'Runner': 'C:\Users\ridhu\OneDrive\Documents\Docker Learning\DockerLearning\actions-runner\.runner'
[2026-04-06 10:25:19Z INFO ConfigurationStore] ConfigFilePath: C:\Users\ridhu\OneDrive\Documents\Docker Learning\DockerLearning\actions-runner\.runner
[2026-04-06 10:25:19Z INFO HostContext] Well known directory 'Bin': 'C:\Users\ridhu\OneDrive\Documents\Docker Learning\DockerLearning\actions-runner\bin'
[2026-04-06 10:25:19Z INFO HostContext] Well known directory 'Root': 'C:\Users\ridhu\OneDrive\Documents\Docker Learning\DockerLearning\actions-runner'
[2026-04-06 10:25:19Z INFO HostContext] Well known config file 'MigratedRunner': 'C:\Users\ridhu\OneDrive\Documents\Docker Learning\DockerLearning\actions-runner\.runner_migrated'
[2026-04-06 10:25:19Z INFO ConfigurationStore] MigratedConfigFilePath: C:\Users\ridhu\OneDrive\Documents\Docker Learning\DockerLearning\actions-runner\.runner_migrated
[2026-04-06 10:25:19Z INFO HostContext] Well known directory 'Bin': 'C:\Users\ridhu\OneDrive\Documents\Docker Learning\DockerLearning\actions-runner\bin'
[2026-04-06 10:25:19Z INFO HostContext] Well known directory 'Root': 'C:\Users\ridhu\OneDrive\Documents\Docker Learning\DockerLearning\actions-runner'
[2026-04-06 10:25:19Z INFO HostContext] Well known config file 'Credentials': 'C:\Users\ridhu\OneDrive\Documents\Docker Learning\DockerLearning\actions-runner\.credentials'
[2026-04-06 10:25:19Z INFO ConfigurationStore] CredFilePath: C:\Users\ridhu\OneDrive\Documents\Docker Learning\DockerLearning\actions-runner\.credentials
[2026-04-06 10:25:19Z INFO HostContext] Well known directory 'Bin': 'C:\Users\ridhu\OneDrive\Documents\Docker Learning\DockerLearning\actions-runner\bin'
[2026-04-06 10:25:19Z INFO HostContext] Well known directory 'Root': 'C:\Users\ridhu\OneDrive\Documents\Docker Learning\DockerLearning\actions-runner'
[2026-04-06 10:25:19Z INFO HostContext] Well known config file 'MigratedCredentials': 'C:\Users\ridhu\OneDrive\Documents\Docker Learning\DockerLearning\actions-runner\.credentials_migrated'
[2026-04-06 10:25:19Z INFO ConfigurationStore] MigratedCredFilePath: C:\Users\ridhu\OneDrive\Documents\Docker Learning\DockerLearning\actions-runner\.credentials_migrated
[2026-04-06 10:25:19Z INFO HostContext] Well known directory 'Bin': 'C:\Users\ridhu\OneDrive\Documents\Docker Learning\DockerLearning\actions-runner\bin'
[2026-04-06 10:25:19Z INFO HostContext] Well known directory 'Root': 'C:\Users\ridhu\OneDrive\Documents\Docker Learning\DockerLearning\actions-runner'
[2026-04-06 10:25:19Z INFO HostContext] Well known config file 'Service': 'C:\Users\ridhu\OneDrive\Documents\Docker Learning\DockerLearning\actions-runner\.service'
[2026-04-06 10:25:19Z INFO ConfigurationStore] ServiceConfigFilePath: C:\Users\ridhu\OneDrive\Documents\Docker Learning\DockerLearning\actions-runner\.service
[2026-04-06 10:25:19Z INFO CommandSettings] Flag 'help': 'False'
[2026-04-06 10:25:19Z INFO CommandSettings] Flag 'version': 'False'
[2026-04-06 10:25:19Z INFO CommandSettings] Flag 'commit': 'False'
[2026-04-06 10:25:19Z INFO CommandSettings] Flag 'check': 'False'
[2026-04-06 10:25:19Z INFO CommandSettings] Command 'configure': 'False'
[2026-04-06 10:25:19Z INFO CommandSettings] Command 'remove': 'False'
[2026-04-06 10:25:19Z INFO CommandSettings] Command 'warmup': 'False'
[2026-04-06 10:25:19Z INFO ConfigurationManager] LoadSettings
[2026-04-06 10:25:19Z INFO ConfigurationStore] IsConfigured()
[2026-04-06 10:25:19Z INFO ConfigurationStore] IsConfigured: True
[2026-04-06 10:25:19Z INFO ConfigurationManager] Is configured: True
[2026-04-06 10:25:19Z INFO ConfigurationStore] Read setting file: 394 chars
[2026-04-06 10:25:19Z INFO ConfigurationManager] Settings Loaded
[2026-04-06 10:25:19Z INFO ConfigurationStore] IsServiceConfigured()
[2026-04-06 10:25:19Z INFO ConfigurationStore] IsServiceConfigured: False
[2026-04-06 10:25:19Z INFO CommandSettings] Command 'run': 'True'
[2026-04-06 10:25:19Z INFO ConfigurationStore] IsConfigured()
[2026-04-06 10:25:19Z INFO ConfigurationStore] IsConfigured: True
[2026-04-06 10:25:19Z INFO ConfigurationManager] Is configured: True
[2026-04-06 10:25:19Z INFO Runner] Could not parse the argument value '' for StartupType. Defaulting to Manual
[2026-04-06 10:25:19Z INFO Runner] Set runner startup type - Manual
[2026-04-06 10:25:19Z INFO CommandSettings] Flag 'once': 'False'
[2026-04-06 10:25:19Z INFO CommandSettings] Flag 'once': 'False'
[2026-04-06 10:25:19Z INFO Runner] RunAsync
[2026-04-06 10:25:19Z INFO HostContext] Well known directory 'Bin': 'C:\Users\ridhu\OneDrive\Documents\Docker Learning\DockerLearning\actions-runner\bin'
[2026-04-06 10:25:19Z INFO HostContext] Well known directory 'Root': 'C:\Users\ridhu\OneDrive\Documents\Docker Learning\DockerLearning\actions-runner'
[2026-04-06 10:25:19Z INFO HostContext] Well known directory 'Work': 'C:\Users\ridhu\OneDrive\Documents\Docker Learning\DockerLearning\actions-runner\_work'
[2026-04-06 10:25:19Z INFO Runner] Validating directory permissions for: 'C:\Users\ridhu\OneDrive\Documents\Docker Learning\DockerLearning\actions-runner\_work'
[2026-04-06 10:25:19Z INFO ConfigurationManager] LoadMigratedSettings
[2026-04-06 10:25:19Z INFO ConfigurationStore] IsMigratedConfigured()
[2026-04-06 10:25:19Z INFO ConfigurationStore] IsMigratedConfigured: False
[2026-04-06 10:25:19Z INFO Runner] Failed to load migrated settings: No migrated configuration found.
[2026-04-06 10:25:19Z INFO Runner] Falling back to original .runner settings
[2026-04-06 10:25:19Z INFO Runner] Using BrokerMessageListener
[2026-04-06 10:25:19Z INFO BrokerMessageListener] Using provided settings
[2026-04-06 10:25:19Z INFO BrokerMessageListener] {
  "AgentId": 2,
  "AgentName": "RIDHU",
  "PoolId": 1,
  "PoolName": "Default",
  "ServerUrl": "https://pipelinesghubeus10.actions.githubusercontent.com/iWu1Xk8eZHf0D1WFDpbFvLZSvpLPrjEHtCLAFRk2IMObzZXO0b/",
  "GitHubUrl": "https://github.com/ridhuparan/DockerLearning",
  "WorkFolder": "_work",
  "UseV2Flow": true,
  "ServerUrlV2": "https://broker.actions.githubusercontent.com/"
}
[2026-04-06 10:25:19Z INFO BrokerMessageListener] Loading Credentials
[2026-04-06 10:25:19Z INFO ConfigurationStore] HasCredentials()
[2026-04-06 10:25:19Z INFO ConfigurationStore] stored True
[2026-04-06 10:25:19Z INFO CredentialManager] GetCredentialProvider
[2026-04-06 10:25:19Z INFO CredentialManager] Creating type OAuth
[2026-04-06 10:25:19Z INFO CredentialManager] Creating credential type: OAuth
[2026-04-06 10:25:19Z INFO HostContext] Well known directory 'Bin': 'C:\Users\ridhu\OneDrive\Documents\Docker Learning\DockerLearning\actions-runner\bin'
[2026-04-06 10:25:19Z INFO HostContext] Well known directory 'Root': 'C:\Users\ridhu\OneDrive\Documents\Docker Learning\DockerLearning\actions-runner'
[2026-04-06 10:25:19Z INFO HostContext] Well known config file 'RSACredentials': 'C:\Users\ridhu\OneDrive\Documents\Docker Learning\DockerLearning\actions-runner\.credentials_rsaparams'
[2026-04-06 10:25:19Z INFO RSAEncryptedFileKeyManager] Loading RSA key parameters from file C:\Users\ridhu\OneDrive\Documents\Docker Learning\DockerLearning\actions-runner\.credentials_rsaparams
[2026-04-06 10:25:19Z INFO BrokerMessageListener] Attempt to create session.
[2026-04-06 10:25:19Z INFO BrokerMessageListener] Connecting to the Broker Server...
[2026-04-06 10:25:19Z INFO ConfigurationStore] HasCredentials()
[2026-04-06 10:25:19Z INFO ConfigurationStore] stored True
[2026-04-06 10:25:19Z INFO CredentialManager] GetCredentialProvider
[2026-04-06 10:25:19Z INFO CredentialManager] Creating type OAuth
[2026-04-06 10:25:19Z INFO CredentialManager] Creating credential type: OAuth
[2026-04-06 10:25:19Z INFO RSAEncryptedFileKeyManager] Loading RSA key parameters from file C:\Users\ridhu\OneDrive\Documents\Docker Learning\DockerLearning\actions-runner\.credentials_rsaparams
[2026-04-06 10:25:19Z INFO BrokerMessageListener] VssConnection created
[2026-04-06 10:25:19Z INFO BrokerMessageListener] Connecting to the Runner server...
[2026-04-06 10:25:19Z INFO RunnerServer] EstablishVssConnection
[2026-04-06 10:25:19Z INFO RunnerServer] Establish connection with 100 seconds timeout.
[2026-04-06 10:25:20Z INFO GitHubActionsService] Starting operation Location.GetConnectionData
[2026-04-06 10:25:20Z INFO RunnerServer] EstablishVssConnection
[2026-04-06 10:25:20Z INFO RunnerServer] Establish connection with 60 seconds timeout.
[2026-04-06 10:25:20Z INFO GitHubActionsService] Starting operation Location.GetConnectionData
[2026-04-06 10:25:20Z INFO RunnerServer] EstablishVssConnection
[2026-04-06 10:25:20Z INFO RunnerServer] Establish connection with 60 seconds timeout.
[2026-04-06 10:25:20Z INFO GitHubActionsService] Starting operation Location.GetConnectionData
[2026-04-06 10:25:21Z INFO GitHubActionsService] Finished operation Location.GetConnectionData
[2026-04-06 10:25:21Z INFO GitHubActionsService] Finished operation Location.GetConnectionData
[2026-04-06 10:25:21Z INFO GitHubActionsService] Finished operation Location.GetConnectionData
[2026-04-06 10:25:21Z INFO BrokerMessageListener] VssConnection created
[2026-04-06 10:25:21Z INFO Terminal] WRITE LINE: 
[2026-04-06 10:25:21Z INFO Terminal] WRITE LINE: 
[2026-04-06 10:25:21Z INFO RSAEncryptedFileKeyManager] Loading RSA key parameters from file C:\Users\ridhu\OneDrive\Documents\Docker Learning\DockerLearning\actions-runner\.credentials_rsaparams
[2026-04-06 10:25:21Z INFO RSAEncryptedFileKeyManager] Loading RSA key parameters from file C:\Users\ridhu\OneDrive\Documents\Docker Learning\DockerLearning\actions-runner\.credentials_rsaparams
[2026-04-06 10:25:22Z INFO GitHubActionsService] AAD Correlation ID for this token request: Unknown
[2026-04-06 10:25:23Z INFO BrokerMessageListener] Session created.
[2026-04-06 10:25:23Z INFO Terminal] WRITE LINE: Current runner version: '2.333.1'
[2026-04-06 10:25:23Z INFO Terminal] WRITE LINE: 2026-04-06 10:25:23Z: Listening for Jobs
[2026-04-06 10:25:23Z INFO JobDispatcher] Set runner/worker IPC timeout to 30 seconds.
[2026-04-06 10:25:24Z INFO BrokerMessageListener] Acknowledging runner request '1659f5d8-8a8c-5967-8bbd-205c9dcd6cae'.
[2026-04-06 10:25:25Z INFO ConfigurationStore] HasCredentials()
[2026-04-06 10:25:25Z INFO ConfigurationStore] stored True
[2026-04-06 10:25:25Z INFO CredentialManager] GetCredentialProvider
[2026-04-06 10:25:25Z INFO CredentialManager] Creating type OAuth
[2026-04-06 10:25:25Z INFO CredentialManager] Creating credential type: OAuth
[2026-04-06 10:25:25Z INFO RSAEncryptedFileKeyManager] Loading RSA key parameters from file C:\Users\ridhu\OneDrive\Documents\Docker Learning\DockerLearning\actions-runner\.credentials_rsaparams
[2026-04-06 10:25:25Z INFO RSAEncryptedFileKeyManager] Loading RSA key parameters from file C:\Users\ridhu\OneDrive\Documents\Docker Learning\DockerLearning\actions-runner\.credentials_rsaparams
[2026-04-06 10:25:25Z INFO RSAEncryptedFileKeyManager] Loading RSA key parameters from file C:\Users\ridhu\OneDrive\Documents\Docker Learning\DockerLearning\actions-runner\.credentials_rsaparams
[2026-04-06 10:25:26Z INFO GitHubActionsService] AAD Correlation ID for this token request: Unknown
[2026-04-06 10:25:28Z INFO JobDispatcher] Job request 0 for plan d6fd56e9-95ec-45a9-ae61-61b89f226f3b job 1659f5d8-8a8c-5967-8bbd-205c9dcd6cae received.
[2026-04-06 10:25:28Z INFO JobDispatcher] Pull OrchestrationId d6fd56e9-95ec-45a9-ae61-61b89f226f3b.update-readme.__default from JWT claims
[2026-04-06 10:25:28Z INFO BrokerMessageListener] Received job status event. JobState: Busy
[2026-04-06 10:25:28Z INFO BrokerMessageListener] _getMessagesTokenSource is already disposed.
[2026-04-06 10:25:28Z INFO Terminal] WRITE LINE: 2026-04-06 10:25:28Z: Running job: update-readme
[2026-04-06 10:25:28Z INFO JobDispatcher] Start renew job request 0 for job 1659f5d8-8a8c-5967-8bbd-205c9dcd6cae.
[2026-04-06 10:25:28Z INFO JobDispatcher] Successfully renew job 1659f5d8-8a8c-5967-8bbd-205c9dcd6cae, job is valid till 4/6/2026 10:35:29 AM
[2026-04-06 10:25:28Z INFO HostContext] Well known directory 'Bin': 'C:\Users\ridhu\OneDrive\Documents\Docker Learning\DockerLearning\actions-runner\bin'
[2026-04-06 10:25:28Z INFO ProcessInvokerWrapper] Starting process:
[2026-04-06 10:25:28Z INFO ProcessInvokerWrapper]   File name: 'C:\Users\ridhu\OneDrive\Documents\Docker Learning\DockerLearning\actions-runner\bin\Runner.Worker.exe'
[2026-04-06 10:25:28Z INFO ProcessInvokerWrapper]   Arguments: 'spawnclient 2224 2300'
[2026-04-06 10:25:28Z INFO ProcessInvokerWrapper]   Working directory: 'C:\Users\ridhu\OneDrive\Documents\Docker Learning\DockerLearning\actions-runner\bin'
[2026-04-06 10:25:28Z INFO ProcessInvokerWrapper]   Require exit code zero: 'False'
[2026-04-06 10:25:28Z INFO ProcessInvokerWrapper]   Encoding web name:  ; code page: ''
[2026-04-06 10:25:28Z INFO ProcessInvokerWrapper]   Force kill process on cancellation: 'True'
[2026-04-06 10:25:28Z INFO ProcessInvokerWrapper]   Redirected STDIN: 'False'
[2026-04-06 10:25:28Z INFO ProcessInvokerWrapper]   Persist current code page: 'False'
[2026-04-06 10:25:28Z INFO ProcessInvokerWrapper]   Keep redirected STDIN open: 'False'
[2026-04-06 10:25:28Z INFO ProcessInvokerWrapper]   High priority process: 'True'
[2026-04-06 10:25:29Z INFO ProcessInvokerWrapper] Process started with process id 26268, waiting for process exit.
[2026-04-06 10:25:29Z INFO JobDispatcher] Send job request message to worker for job 1659f5d8-8a8c-5967-8bbd-205c9dcd6cae.
[2026-04-06 10:25:29Z INFO ProcessChannel] Sending message of length 21006, with hash '6c421df5960a990d09a14e38f22a8148eb7f37c6c245892055ff3d29cee1b65e'
[2026-04-06 10:25:30Z INFO JobNotification] Entering JobStarted Notification
[2026-04-06 10:25:30Z INFO JobNotification] Entering StartMonitor
[2026-04-06 10:26:30Z INFO JobDispatcher] Successfully renew job 1659f5d8-8a8c-5967-8bbd-205c9dcd6cae, job is valid till 4/6/2026 10:36:30 AM
[2026-04-06 10:27:01Z INFO ProcessInvokerWrapper] STDOUT/STDERR stream read finished.
[2026-04-06 10:27:01Z INFO ProcessInvokerWrapper] STDOUT/STDERR stream read finished.
[2026-04-06 10:27:01Z INFO ProcessInvokerWrapper] Finished process 26268 with exit code 102, and elapsed time 00:01:32.9676662.
[2026-04-06 10:27:01Z INFO JobDispatcher] Worker finished for job 1659f5d8-8a8c-5967-8bbd-205c9dcd6cae. Code: 102
[2026-04-06 10:27:01Z INFO JobDispatcher] finish job request for job 1659f5d8-8a8c-5967-8bbd-205c9dcd6cae with result: Failed
[2026-04-06 10:27:01Z INFO Terminal] WRITE LINE: 2026-04-06 10:27:01Z: Job update-readme completed with result: Failed
[2026-04-06 10:27:01Z INFO JobDispatcher] Stop renew job request for job 1659f5d8-8a8c-5967-8bbd-205c9dcd6cae.
[2026-04-06 10:27:01Z INFO JobDispatcher] job renew has been cancelled, stop renew job 1659f5d8-8a8c-5967-8bbd-205c9dcd6cae.
[2026-04-06 10:27:01Z INFO JobNotification] Entering JobCompleted Notification
[2026-04-06 10:27:01Z INFO JobNotification] Entering EndMonitor
[2026-04-06 10:27:01Z INFO BrokerMessageListener] Received job status event. JobState: Online
[2026-04-06 10:27:01Z WARN GitHubActionsService] GET request to https://broker.actions.githubusercontent.com/message?sessionId=025bc5a9-1659-4f48-a0ec-5aae7badf80c&status=Busy&runnerVersion=2.333.1&os=Windows&architecture=X64&disableUpdate=false has been cancelled.
[2026-04-06 10:27:01Z ERR  BrokerServer] Catch exception during request
[2026-04-06 10:27:02Z ERR  BrokerServer] System.Threading.Tasks.TaskCanceledException: The operation was canceled.
 ---> System.Threading.Tasks.TaskCanceledException: The operation was canceled.
 ---> System.IO.IOException: Unable to read data from the transport connection: The I/O operation has been aborted because of either a thread exit or an application request..
 ---> System.Net.Sockets.SocketException (995): The I/O operation has been aborted because of either a thread exit or an application request.
   --- End of inner exception stack trace ---
   at System.Net.Sockets.Socket.AwaitableSocketAsyncEventArgs.ThrowException(SocketError error, CancellationToken cancellationToken)
   at System.Net.Sockets.Socket.AwaitableSocketAsyncEventArgs.System.Threading.Tasks.Sources.IValueTaskSource<System.Int32>.GetResult(Int16 token)
   at System.Net.Security.SslStream.EnsureFullTlsFrameAsync[TIOAdapter](CancellationToken cancellationToken, Int32 estimatedSize)
   at System.Runtime.CompilerServices.PoolingAsyncValueTaskMethodBuilder`1.StateMachineBox`1.System.Threading.Tasks.Sources.IValueTaskSource<TResult>.GetResult(Int16 token)
   at System.Net.Security.SslStream.ReadAsyncInternal[TIOAdapter](Memory`1 buffer, CancellationToken cancellationToken)
   at System.Runtime.CompilerServices.PoolingAsyncValueTaskMethodBuilder`1.StateMachineBox`1.System.Threading.Tasks.Sources.IValueTaskSource<TResult>.GetResult(Int16 token)
   at System.Net.Http.HttpConnection.InitialFillAsync(Boolean async)
   at System.Net.Http.HttpConnection.SendAsync(HttpRequestMessage request, Boolean async, CancellationToken cancellationToken)
   --- End of inner exception stack trace ---
   at System.Net.Http.HttpConnection.SendAsync(HttpRequestMessage request, Boolean async, CancellationToken cancellationToken)
   at System.Net.Http.AuthenticationHelper.SendWithNtAuthAsync(HttpRequestMessage request, Uri authUri, Boolean async, ICredentials credentials, Boolean isProxyAuth, HttpConnection connection, HttpConnectionPool connectionPool, CancellationToken cancellationToken)
   at System.Net.Http.HttpConnectionPool.SendWithVersionDetectionAndRetryAsync(HttpRequestMessage request, Boolean async, Boolean doRequestAuth, CancellationToken cancellationToken)
   at System.Net.Http.AuthenticationHelper.SendWithAuthAsync(HttpRequestMessage request, Uri authUri, Boolean async, ICredentials credentials, Boolean preAuthenticate, Boolean isProxyAuth, Boolean doRequestAuth, HttpConnectionPool pool, CancellationToken cancellationToken)
   at System.Net.Http.RedirectHandler.SendAsync(HttpRequestMessage request, Boolean async, CancellationToken cancellationToken)
   at GitHub.Services.Common.RawHttpMessageHandler.SendAsync(HttpRequestMessage request, CancellationToken cancellationToken)
   at GitHub.Services.Common.VssHttpRetryMessageHandler.SendAsync(HttpRequestMessage request, CancellationToken cancellationToken)
   at System.Net.Http.HttpClient.<SendAsync>g__Core|83_0(HttpRequestMessage request, HttpCompletionOption completionOption, CancellationTokenSource cts, Boolean disposeCts, CancellationTokenSource pendingRequestsCts, CancellationToken originalCancellationToken)
   --- End of inner exception stack trace ---
   at System.Net.Http.HttpClient.HandleFailure(Exception e, Boolean telemetryStarted, HttpResponseMessage response, CancellationTokenSource cts, CancellationToken cancellationToken, CancellationTokenSource pendingRequestsCts)
   at System.Net.Http.HttpClient.<SendAsync>g__Core|83_0(HttpRequestMessage request, HttpCompletionOption completionOption, CancellationTokenSource cts, Boolean disposeCts, CancellationTokenSource pendingRequestsCts, CancellationToken originalCancellationToken)
   at Sdk.WebApi.WebApi.RawHttpClientBase.SendAsync(HttpRequestMessage message, HttpCompletionOption completionOption, Object userState, CancellationToken cancellationToken)
   at Sdk.WebApi.WebApi.RawHttpClientBase.SendAsync[T](HttpRequestMessage message, Boolean readErrorBody, Object userState, CancellationToken cancellationToken)
   at Sdk.WebApi.WebApi.RawHttpClientBase.SendAsync[T](HttpMethod method, IEnumerable`1 additionalHeaders, Uri requestUri, HttpContent content, IEnumerable`1 queryParameters, Boolean readErrorBody, Object userState, CancellationToken cancellationToken)
   at GitHub.Actions.RunService.WebApi.BrokerHttpClient.GetRunnerMessageAsync(Nullable`1 sessionId, String runnerVersion, Nullable`1 status, String os, String architecture, Nullable`1 disableUpdate, CancellationToken cancellationToken)
   at GitHub.Runner.Common.BrokerServer.<>c__DisplayClass7_0.<<GetRunnerMessageAsync>b__0>d.MoveNext()
--- End of stack trace from previous location ---
   at GitHub.Runner.Common.RunnerService.RetryRequest[T](Func`1 func, CancellationToken cancellationToken, Int32 maxAttempts, Func`2 shouldRetry)
[2026-04-06 10:27:02Z ERR  BrokerServer] #####################################################
[2026-04-06 10:27:02Z ERR  BrokerServer] System.Threading.Tasks.TaskCanceledException: The operation was canceled.
 ---> System.IO.IOException: Unable to read data from the transport connection: The I/O operation has been aborted because of either a thread exit or an application request..
 ---> System.Net.Sockets.SocketException (995): The I/O operation has been aborted because of either a thread exit or an application request.
   --- End of inner exception stack trace ---
   at System.Net.Sockets.Socket.AwaitableSocketAsyncEventArgs.ThrowException(SocketError error, CancellationToken cancellationToken)
   at System.Net.Sockets.Socket.AwaitableSocketAsyncEventArgs.System.Threading.Tasks.Sources.IValueTaskSource<System.Int32>.GetResult(Int16 token)
   at System.Net.Security.SslStream.EnsureFullTlsFrameAsync[TIOAdapter](CancellationToken cancellationToken, Int32 estimatedSize)
   at System.Runtime.CompilerServices.PoolingAsyncValueTaskMethodBuilder`1.StateMachineBox`1.System.Threading.Tasks.Sources.IValueTaskSource<TResult>.GetResult(Int16 token)
   at System.Net.Security.SslStream.ReadAsyncInternal[TIOAdapter](Memory`1 buffer, CancellationToken cancellationToken)
   at System.Runtime.CompilerServices.PoolingAsyncValueTaskMethodBuilder`1.StateMachineBox`1.System.Threading.Tasks.Sources.IValueTaskSource<TResult>.GetResult(Int16 token)
   at System.Net.Http.HttpConnection.InitialFillAsync(Boolean async)
   at System.Net.Http.HttpConnection.SendAsync(HttpRequestMessage request, Boolean async, CancellationToken cancellationToken)
   --- End of inner exception stack trace ---
   at System.Net.Http.HttpConnection.SendAsync(HttpRequestMessage request, Boolean async, CancellationToken cancellationToken)
   at System.Net.Http.AuthenticationHelper.SendWithNtAuthAsync(HttpRequestMessage request, Uri authUri, Boolean async, ICredentials credentials, Boolean isProxyAuth, HttpConnection connection, HttpConnectionPool connectionPool, CancellationToken cancellationToken)
   at System.Net.Http.HttpConnectionPool.SendWithVersionDetectionAndRetryAsync(HttpRequestMessage request, Boolean async, Boolean doRequestAuth, CancellationToken cancellationToken)
   at System.Net.Http.AuthenticationHelper.SendWithAuthAsync(HttpRequestMessage request, Uri authUri, Boolean async, ICredentials credentials, Boolean preAuthenticate, Boolean isProxyAuth, Boolean doRequestAuth, HttpConnectionPool pool, CancellationToken cancellationToken)
   at System.Net.Http.RedirectHandler.SendAsync(HttpRequestMessage request, Boolean async, CancellationToken cancellationToken)
   at GitHub.Services.Common.RawHttpMessageHandler.SendAsync(HttpRequestMessage request, CancellationToken cancellationToken)
   at GitHub.Services.Common.VssHttpRetryMessageHandler.SendAsync(HttpRequestMessage request, CancellationToken cancellationToken)
   at System.Net.Http.HttpClient.<SendAsync>g__Core|83_0(HttpRequestMessage request, HttpCompletionOption completionOption, CancellationTokenSource cts, Boolean disposeCts, CancellationTokenSource pendingRequestsCts, CancellationToken originalCancellationToken)
[2026-04-06 10:27:02Z ERR  BrokerServer] #####################################################
[2026-04-06 10:27:02Z ERR  BrokerServer] System.IO.IOException: Unable to read data from the transport connection: The I/O operation has been aborted because of either a thread exit or an application request..
 ---> System.Net.Sockets.SocketException (995): The I/O operation has been aborted because of either a thread exit or an application request.
   --- End of inner exception stack trace ---
   at System.Net.Sockets.Socket.AwaitableSocketAsyncEventArgs.ThrowException(SocketError error, CancellationToken cancellationToken)
   at System.Net.Sockets.Socket.AwaitableSocketAsyncEventArgs.System.Threading.Tasks.Sources.IValueTaskSource<System.Int32>.GetResult(Int16 token)
   at System.Net.Security.SslStream.EnsureFullTlsFrameAsync[TIOAdapter](CancellationToken cancellationToken, Int32 estimatedSize)
   at System.Runtime.CompilerServices.PoolingAsyncValueTaskMethodBuilder`1.StateMachineBox`1.System.Threading.Tasks.Sources.IValueTaskSource<TResult>.GetResult(Int16 token)
   at System.Net.Security.SslStream.ReadAsyncInternal[TIOAdapter](Memory`1 buffer, CancellationToken cancellationToken)
   at System.Runtime.CompilerServices.PoolingAsyncValueTaskMethodBuilder`1.StateMachineBox`1.System.Threading.Tasks.Sources.IValueTaskSource<TResult>.GetResult(Int16 token)
   at System.Net.Http.HttpConnection.InitialFillAsync(Boolean async)
   at System.Net.Http.HttpConnection.SendAsync(HttpRequestMessage request, Boolean async, CancellationToken cancellationToken)
[2026-04-06 10:27:02Z ERR  BrokerServer] #####################################################
[2026-04-06 10:27:02Z ERR  BrokerServer] System.Net.Sockets.SocketException (995): The I/O operation has been aborted because of either a thread exit or an application request.
[2026-04-06 10:27:02Z WARN BrokerServer] Back off 11.956 seconds before next retry. 4 attempt left.
[2026-04-06 10:27:02Z INFO BrokerMessageListener] Get messages has been cancelled using local token source. Continue to get messages with new status.
[2026-04-06 10:29:55Z INFO BrokerMessageListener] Acknowledging runner request 'f37e0145-64ed-531e-a434-6bd2b28b63b3'.
[2026-04-06 10:29:56Z INFO ConfigurationStore] HasCredentials()
[2026-04-06 10:29:56Z INFO ConfigurationStore] stored True
[2026-04-06 10:29:56Z INFO CredentialManager] GetCredentialProvider
[2026-04-06 10:29:56Z INFO CredentialManager] Creating type OAuth
[2026-04-06 10:29:56Z INFO CredentialManager] Creating credential type: OAuth
[2026-04-06 10:29:56Z INFO RSAEncryptedFileKeyManager] Loading RSA key parameters from file C:\Users\ridhu\OneDrive\Documents\Docker Learning\DockerLearning\actions-runner\.credentials_rsaparams
[2026-04-06 10:29:56Z INFO RSAEncryptedFileKeyManager] Loading RSA key parameters from file C:\Users\ridhu\OneDrive\Documents\Docker Learning\DockerLearning\actions-runner\.credentials_rsaparams
[2026-04-06 10:29:56Z INFO RSAEncryptedFileKeyManager] Loading RSA key parameters from file C:\Users\ridhu\OneDrive\Documents\Docker Learning\DockerLearning\actions-runner\.credentials_rsaparams
[2026-04-06 10:29:57Z INFO GitHubActionsService] AAD Correlation ID for this token request: Unknown
[2026-04-06 10:29:58Z INFO JobDispatcher] Job request 0 for plan d6a9b489-f93e-4ceb-bee2-2f1a193236f2 job f37e0145-64ed-531e-a434-6bd2b28b63b3 received.
[2026-04-06 10:29:58Z INFO JobDispatcher] Pull OrchestrationId d6a9b489-f93e-4ceb-bee2-2f1a193236f2.update-readme.__default from JWT claims
[2026-04-06 10:29:58Z INFO BrokerMessageListener] Received job status event. JobState: Busy
[2026-04-06 10:29:58Z INFO BrokerMessageListener] _getMessagesTokenSource is already disposed.
[2026-04-06 10:29:58Z INFO JobDispatcher] Job request 1659f5d8-8a8c-5967-8bbd-205c9dcd6cae processed succeed.
[2026-04-06 10:29:58Z INFO Terminal] WRITE LINE: 2026-04-06 10:29:58Z: Running job: update-readme
[2026-04-06 10:29:58Z INFO JobDispatcher] Start renew job request 0 for job f37e0145-64ed-531e-a434-6bd2b28b63b3.
[2026-04-06 10:29:59Z INFO JobDispatcher] Successfully renew job f37e0145-64ed-531e-a434-6bd2b28b63b3, job is valid till 4/6/2026 10:39:59 AM
[2026-04-06 10:29:59Z INFO HostContext] Well known directory 'Bin': 'C:\Users\ridhu\OneDrive\Documents\Docker Learning\DockerLearning\actions-runner\bin'
[2026-04-06 10:29:59Z INFO ProcessInvokerWrapper] Starting process:
[2026-04-06 10:29:59Z INFO ProcessInvokerWrapper]   File name: 'C:\Users\ridhu\OneDrive\Documents\Docker Learning\DockerLearning\actions-runner\bin\Runner.Worker.exe'
[2026-04-06 10:29:59Z INFO ProcessInvokerWrapper]   Arguments: 'spawnclient 2340 1292'
[2026-04-06 10:29:59Z INFO ProcessInvokerWrapper]   Working directory: 'C:\Users\ridhu\OneDrive\Documents\Docker Learning\DockerLearning\actions-runner\bin'
[2026-04-06 10:29:59Z INFO ProcessInvokerWrapper]   Require exit code zero: 'False'
[2026-04-06 10:29:59Z INFO ProcessInvokerWrapper]   Encoding web name:  ; code page: ''
[2026-04-06 10:29:59Z INFO ProcessInvokerWrapper]   Force kill process on cancellation: 'True'
[2026-04-06 10:29:59Z INFO ProcessInvokerWrapper]   Redirected STDIN: 'False'
[2026-04-06 10:29:59Z INFO ProcessInvokerWrapper]   Persist current code page: 'False'
[2026-04-06 10:29:59Z INFO ProcessInvokerWrapper]   Keep redirected STDIN open: 'False'
[2026-04-06 10:29:59Z INFO ProcessInvokerWrapper]   High priority process: 'True'
[2026-04-06 10:29:59Z INFO ProcessInvokerWrapper] Process started with process id 10840, waiting for process exit.
[2026-04-06 10:29:59Z INFO JobDispatcher] Send job request message to worker for job f37e0145-64ed-531e-a434-6bd2b28b63b3.
[2026-04-06 10:29:59Z INFO ProcessChannel] Sending message of length 20989, with hash '08d5f356c39626ca67c7c4717ac43d6aef1c9b41fcc67a2d80ead2e4d20bab47'
[2026-04-06 10:30:00Z INFO JobNotification] Entering JobStarted Notification
[2026-04-06 10:30:00Z INFO JobNotification] Entering StartMonitor
[2026-04-06 10:30:36Z INFO ProcessInvokerWrapper] STDOUT/STDERR stream read finished.
[2026-04-06 10:30:36Z INFO ProcessInvokerWrapper] STDOUT/STDERR stream read finished.
[2026-04-06 10:30:36Z INFO ProcessInvokerWrapper] Finished process 10840 with exit code 102, and elapsed time 00:00:36.4837739.
[2026-04-06 10:30:36Z INFO JobDispatcher] Worker finished for job f37e0145-64ed-531e-a434-6bd2b28b63b3. Code: 102
[2026-04-06 10:30:36Z INFO JobDispatcher] finish job request for job f37e0145-64ed-531e-a434-6bd2b28b63b3 with result: Failed
[2026-04-06 10:30:36Z INFO Terminal] WRITE LINE: 2026-04-06 10:30:36Z: Job update-readme completed with result: Failed
[2026-04-06 10:30:36Z INFO JobDispatcher] Stop renew job request for job f37e0145-64ed-531e-a434-6bd2b28b63b3.
[2026-04-06 10:30:36Z INFO JobDispatcher] job renew has been cancelled, stop renew job f37e0145-64ed-531e-a434-6bd2b28b63b3.
[2026-04-06 10:30:36Z INFO JobNotification] Entering JobCompleted Notification
[2026-04-06 10:30:36Z INFO JobNotification] Entering EndMonitor
[2026-04-06 10:30:36Z INFO BrokerMessageListener] Received job status event. JobState: Online
[2026-04-06 10:30:36Z WARN GitHubActionsService] GET request to https://broker.actions.githubusercontent.com/message?sessionId=025bc5a9-1659-4f48-a0ec-5aae7badf80c&status=Busy&runnerVersion=2.333.1&os=Windows&architecture=X64&disableUpdate=false has been cancelled.
[2026-04-06 10:30:36Z ERR  BrokerServer] Catch exception during request
[2026-04-06 10:30:36Z ERR  BrokerServer] System.Threading.Tasks.TaskCanceledException: The operation was canceled.
 ---> System.Threading.Tasks.TaskCanceledException: The operation was canceled.
 ---> System.IO.IOException: Unable to read data from the transport connection: The I/O operation has been aborted because of either a thread exit or an application request..
 ---> System.Net.Sockets.SocketException (995): The I/O operation has been aborted because of either a thread exit or an application request.
   --- End of inner exception stack trace ---
   at System.Net.Sockets.Socket.AwaitableSocketAsyncEventArgs.System.Threading.Tasks.Sources.IValueTaskSource<System.Int32>.GetResult(Int16 token)
   at System.Net.Security.SslStream.EnsureFullTlsFrameAsync[TIOAdapter](CancellationToken cancellationToken, Int32 estimatedSize)
   at System.Runtime.CompilerServices.PoolingAsyncValueTaskMethodBuilder`1.StateMachineBox`1.System.Threading.Tasks.Sources.IValueTaskSource<TResult>.GetResult(Int16 token)
   at System.Net.Security.SslStream.ReadAsyncInternal[TIOAdapter](Memory`1 buffer, CancellationToken cancellationToken)
   at System.Runtime.CompilerServices.PoolingAsyncValueTaskMethodBuilder`1.StateMachineBox`1.System.Threading.Tasks.Sources.IValueTaskSource<TResult>.GetResult(Int16 token)
   at System.Net.Http.HttpConnection.SendAsync(HttpRequestMessage request, Boolean async, CancellationToken cancellationToken)
   --- End of inner exception stack trace ---
   at System.Net.Http.HttpConnection.SendAsync(HttpRequestMessage request, Boolean async, CancellationToken cancellationToken)
   at System.Net.Http.AuthenticationHelper.SendWithNtAuthAsync(HttpRequestMessage request, Uri authUri, Boolean async, ICredentials credentials, Boolean isProxyAuth, HttpConnection connection, HttpConnectionPool connectionPool, CancellationToken cancellationToken)
   at System.Net.Http.HttpConnectionPool.SendWithVersionDetectionAndRetryAsync(HttpRequestMessage request, Boolean async, Boolean doRequestAuth, CancellationToken cancellationToken)
   at System.Net.Http.AuthenticationHelper.SendWithAuthAsync(HttpRequestMessage request, Uri authUri, Boolean async, ICredentials credentials, Boolean preAuthenticate, Boolean isProxyAuth, Boolean doRequestAuth, HttpConnectionPool pool, CancellationToken cancellationToken)
   at System.Net.Http.RedirectHandler.SendAsync(HttpRequestMessage request, Boolean async, CancellationToken cancellationToken)
   at GitHub.Services.Common.RawHttpMessageHandler.SendAsync(HttpRequestMessage request, CancellationToken cancellationToken)
   at GitHub.Services.Common.VssHttpRetryMessageHandler.SendAsync(HttpRequestMessage request, CancellationToken cancellationToken)
   at System.Net.Http.HttpClient.<SendAsync>g__Core|83_0(HttpRequestMessage request, HttpCompletionOption completionOption, CancellationTokenSource cts, Boolean disposeCts, CancellationTokenSource pendingRequestsCts, CancellationToken originalCancellationToken)
   --- End of inner exception stack trace ---
   at System.Net.Http.HttpClient.HandleFailure(Exception e, Boolean telemetryStarted, HttpResponseMessage response, CancellationTokenSource cts, CancellationToken cancellationToken, CancellationTokenSource pendingRequestsCts)
   at System.Net.Http.HttpClient.<SendAsync>g__Core|83_0(HttpRequestMessage request, HttpCompletionOption completionOption, CancellationTokenSource cts, Boolean disposeCts, CancellationTokenSource pendingRequestsCts, CancellationToken originalCancellationToken)
   at Sdk.WebApi.WebApi.RawHttpClientBase.SendAsync(HttpRequestMessage message, HttpCompletionOption completionOption, Object userState, CancellationToken cancellationToken)
   at Sdk.WebApi.WebApi.RawHttpClientBase.SendAsync[T](HttpRequestMessage message, Boolean readErrorBody, Object userState, CancellationToken cancellationToken)
   at Sdk.WebApi.WebApi.RawHttpClientBase.SendAsync[T](HttpMethod method, IEnumerable`1 additionalHeaders, Uri requestUri, HttpContent content, IEnumerable`1 queryParameters, Boolean readErrorBody, Object userState, CancellationToken cancellationToken)
   at GitHub.Actions.RunService.WebApi.BrokerHttpClient.GetRunnerMessageAsync(Nullable`1 sessionId, String runnerVersion, Nullable`1 status, String os, String architecture, Nullable`1 disableUpdate, CancellationToken cancellationToken)
   at GitHub.Runner.Common.BrokerServer.<>c__DisplayClass7_0.<<GetRunnerMessageAsync>b__0>d.MoveNext()
--- End of stack trace from previous location ---
   at GitHub.Runner.Common.RunnerService.RetryRequest[T](Func`1 func, CancellationToken cancellationToken, Int32 maxAttempts, Func`2 shouldRetry)
[2026-04-06 10:30:36Z ERR  BrokerServer] #####################################################
[2026-04-06 10:30:36Z ERR  BrokerServer] System.Threading.Tasks.TaskCanceledException: The operation was canceled.
 ---> System.IO.IOException: Unable to read data from the transport connection: The I/O operation has been aborted because of either a thread exit or an application request..
 ---> System.Net.Sockets.SocketException (995): The I/O operation has been aborted because of either a thread exit or an application request.
   --- End of inner exception stack trace ---
   at System.Net.Sockets.Socket.AwaitableSocketAsyncEventArgs.System.Threading.Tasks.Sources.IValueTaskSource<System.Int32>.GetResult(Int16 token)
   at System.Net.Security.SslStream.EnsureFullTlsFrameAsync[TIOAdapter](CancellationToken cancellationToken, Int32 estimatedSize)
   at System.Runtime.CompilerServices.PoolingAsyncValueTaskMethodBuilder`1.StateMachineBox`1.System.Threading.Tasks.Sources.IValueTaskSource<TResult>.GetResult(Int16 token)
   at System.Net.Security.SslStream.ReadAsyncInternal[TIOAdapter](Memory`1 buffer, CancellationToken cancellationToken)
   at System.Runtime.CompilerServices.PoolingAsyncValueTaskMethodBuilder`1.StateMachineBox`1.System.Threading.Tasks.Sources.IValueTaskSource<TResult>.GetResult(Int16 token)
   at System.Net.Http.HttpConnection.SendAsync(HttpRequestMessage request, Boolean async, CancellationToken cancellationToken)
   --- End of inner exception stack trace ---
   at System.Net.Http.HttpConnection.SendAsync(HttpRequestMessage request, Boolean async, CancellationToken cancellationToken)
   at System.Net.Http.AuthenticationHelper.SendWithNtAuthAsync(HttpRequestMessage request, Uri authUri, Boolean async, ICredentials credentials, Boolean isProxyAuth, HttpConnection connection, HttpConnectionPool connectionPool, CancellationToken cancellationToken)
   at System.Net.Http.HttpConnectionPool.SendWithVersionDetectionAndRetryAsync(HttpRequestMessage request, Boolean async, Boolean doRequestAuth, CancellationToken cancellationToken)
   at System.Net.Http.AuthenticationHelper.SendWithAuthAsync(HttpRequestMessage request, Uri authUri, Boolean async, ICredentials credentials, Boolean preAuthenticate, Boolean isProxyAuth, Boolean doRequestAuth, HttpConnectionPool pool, CancellationToken cancellationToken)
   at System.Net.Http.RedirectHandler.SendAsync(HttpRequestMessage request, Boolean async, CancellationToken cancellationToken)
   at GitHub.Services.Common.RawHttpMessageHandler.SendAsync(HttpRequestMessage request, CancellationToken cancellationToken)
   at GitHub.Services.Common.VssHttpRetryMessageHandler.SendAsync(HttpRequestMessage request, CancellationToken cancellationToken)
   at System.Net.Http.HttpClient.<SendAsync>g__Core|83_0(HttpRequestMessage request, HttpCompletionOption completionOption, CancellationTokenSource cts, Boolean disposeCts, CancellationTokenSource pendingRequestsCts, CancellationToken originalCancellationToken)
[2026-04-06 10:30:36Z ERR  BrokerServer] #####################################################
[2026-04-06 10:30:36Z ERR  BrokerServer] System.IO.IOException: Unable to read data from the transport connection: The I/O operation has been aborted because of either a thread exit or an application request..
 ---> System.Net.Sockets.SocketException (995): The I/O operation has been aborted because of either a thread exit or an application request.
   --- End of inner exception stack trace ---
   at System.Net.Sockets.Socket.AwaitableSocketAsyncEventArgs.System.Threading.Tasks.Sources.IValueTaskSource<System.Int32>.GetResult(Int16 token)
   at System.Net.Security.SslStream.EnsureFullTlsFrameAsync[TIOAdapter](CancellationToken cancellationToken, Int32 estimatedSize)
   at System.Runtime.CompilerServices.PoolingAsyncValueTaskMethodBuilder`1.StateMachineBox`1.System.Threading.Tasks.Sources.IValueTaskSource<TResult>.GetResult(Int16 token)
   at System.Net.Security.SslStream.ReadAsyncInternal[TIOAdapter](Memory`1 buffer, CancellationToken cancellationToken)
   at System.Runtime.CompilerServices.PoolingAsyncValueTaskMethodBuilder`1.StateMachineBox`1.System.Threading.Tasks.Sources.IValueTaskSource<TResult>.GetResult(Int16 token)
   at System.Net.Http.HttpConnection.SendAsync(HttpRequestMessage request, Boolean async, CancellationToken cancellationToken)
[2026-04-06 10:30:36Z ERR  BrokerServer] #####################################################
[2026-04-06 10:30:36Z ERR  BrokerServer] System.Net.Sockets.SocketException (995): The I/O operation has been aborted because of either a thread exit or an application request.
[2026-04-06 10:30:36Z WARN BrokerServer] Back off 9.144 seconds before next retry. 4 attempt left.
[2026-04-06 10:30:36Z INFO BrokerMessageListener] Get messages has been cancelled using local token source. Continue to get messages with new status.
[2026-04-06 10:49:26Z INFO BrokerMessageListener] Acknowledging runner request '41015162-2141-5d32-a0f9-27901b96859d'.
[2026-04-06 10:49:27Z INFO ConfigurationStore] HasCredentials()
[2026-04-06 10:49:27Z INFO ConfigurationStore] stored True
[2026-04-06 10:49:27Z INFO CredentialManager] GetCredentialProvider
[2026-04-06 10:49:27Z INFO CredentialManager] Creating type OAuth
[2026-04-06 10:49:27Z INFO CredentialManager] Creating credential type: OAuth
[2026-04-06 10:49:27Z INFO RSAEncryptedFileKeyManager] Loading RSA key parameters from file C:\Users\ridhu\OneDrive\Documents\Docker Learning\DockerLearning\actions-runner\.credentials_rsaparams
[2026-04-06 10:49:27Z INFO RSAEncryptedFileKeyManager] Loading RSA key parameters from file C:\Users\ridhu\OneDrive\Documents\Docker Learning\DockerLearning\actions-runner\.credentials_rsaparams
[2026-04-06 10:49:27Z INFO RSAEncryptedFileKeyManager] Loading RSA key parameters from file C:\Users\ridhu\OneDrive\Documents\Docker Learning\DockerLearning\actions-runner\.credentials_rsaparams
[2026-04-06 10:49:28Z INFO GitHubActionsService] AAD Correlation ID for this token request: Unknown
[2026-04-06 10:49:30Z INFO JobDispatcher] Job request 0 for plan 543706ae-3b3b-4b3b-8fb5-2479418c3cb5 job 41015162-2141-5d32-a0f9-27901b96859d received.
[2026-04-06 10:49:30Z INFO JobDispatcher] Pull OrchestrationId 543706ae-3b3b-4b3b-8fb5-2479418c3cb5.update-readme.__default from JWT claims
[2026-04-06 10:49:30Z INFO BrokerMessageListener] Received job status event. JobState: Busy
[2026-04-06 10:49:30Z INFO BrokerMessageListener] _getMessagesTokenSource is already disposed.
[2026-04-06 10:49:30Z INFO JobDispatcher] Job request f37e0145-64ed-531e-a434-6bd2b28b63b3 processed succeed.
[2026-04-06 10:49:30Z INFO Terminal] WRITE LINE: 2026-04-06 10:49:30Z: Running job: update-readme
[2026-04-06 10:49:30Z INFO JobDispatcher] Start renew job request 0 for job 41015162-2141-5d32-a0f9-27901b96859d.
[2026-04-06 10:49:30Z INFO JobDispatcher] Successfully renew job 41015162-2141-5d32-a0f9-27901b96859d, job is valid till 4/6/2026 10:59:31 AM
[2026-04-06 10:49:30Z INFO HostContext] Well known directory 'Bin': 'C:\Users\ridhu\OneDrive\Documents\Docker Learning\DockerLearning\actions-runner\bin'
[2026-04-06 10:49:30Z INFO ProcessInvokerWrapper] Starting process:
[2026-04-06 10:49:30Z INFO ProcessInvokerWrapper]   File name: 'C:\Users\ridhu\OneDrive\Documents\Docker Learning\DockerLearning\actions-runner\bin\Runner.Worker.exe'
[2026-04-06 10:49:30Z INFO ProcessInvokerWrapper]   Arguments: 'spawnclient 2420 2520'
[2026-04-06 10:49:30Z INFO ProcessInvokerWrapper]   Working directory: 'C:\Users\ridhu\OneDrive\Documents\Docker Learning\DockerLearning\actions-runner\bin'
[2026-04-06 10:49:30Z INFO ProcessInvokerWrapper]   Require exit code zero: 'False'
[2026-04-06 10:49:30Z INFO ProcessInvokerWrapper]   Encoding web name:  ; code page: ''
[2026-04-06 10:49:30Z INFO ProcessInvokerWrapper]   Force kill process on cancellation: 'True'
[2026-04-06 10:49:30Z INFO ProcessInvokerWrapper]   Redirected STDIN: 'False'
[2026-04-06 10:49:30Z INFO ProcessInvokerWrapper]   Persist current code page: 'False'
[2026-04-06 10:49:30Z INFO ProcessInvokerWrapper]   Keep redirected STDIN open: 'False'
[2026-04-06 10:49:30Z INFO ProcessInvokerWrapper]   High priority process: 'True'
[2026-04-06 10:49:30Z INFO ProcessInvokerWrapper] Process started with process id 24664, waiting for process exit.
[2026-04-06 10:49:30Z INFO JobDispatcher] Send job request message to worker for job 41015162-2141-5d32-a0f9-27901b96859d.
[2026-04-06 10:49:30Z INFO ProcessChannel] Sending message of length 21816, with hash '6e9b8c5ea37b709488256c5df4bfff9539373370ff04181a675fe9f4ba076790'
[2026-04-06 10:49:31Z INFO JobNotification] Entering JobStarted Notification
[2026-04-06 10:49:31Z INFO JobNotification] Entering StartMonitor
[2026-04-06 10:49:56Z INFO ProcessInvokerWrapper] STDOUT/STDERR stream read finished.
[2026-04-06 10:49:56Z INFO ProcessInvokerWrapper] STDOUT/STDERR stream read finished.
[2026-04-06 10:49:56Z INFO ProcessInvokerWrapper] Finished process 24664 with exit code 102, and elapsed time 00:00:25.7351076.
[2026-04-06 10:49:56Z INFO JobDispatcher] Worker finished for job 41015162-2141-5d32-a0f9-27901b96859d. Code: 102
[2026-04-06 10:49:56Z INFO JobDispatcher] finish job request for job 41015162-2141-5d32-a0f9-27901b96859d with result: Failed
[2026-04-06 10:49:56Z INFO Terminal] WRITE LINE: 2026-04-06 10:49:56Z: Job update-readme completed with result: Failed
[2026-04-06 10:49:56Z INFO JobDispatcher] Stop renew job request for job 41015162-2141-5d32-a0f9-27901b96859d.
[2026-04-06 10:49:56Z INFO JobDispatcher] job renew has been cancelled, stop renew job 41015162-2141-5d32-a0f9-27901b96859d.
[2026-04-06 10:49:56Z INFO JobNotification] Entering JobCompleted Notification
[2026-04-06 10:49:56Z INFO JobNotification] Entering EndMonitor
[2026-04-06 10:49:56Z INFO BrokerMessageListener] Received job status event. JobState: Online
[2026-04-06 10:49:56Z WARN GitHubActionsService] GET request to https://broker.actions.githubusercontent.com/message?sessionId=025bc5a9-1659-4f48-a0ec-5aae7badf80c&status=Busy&runnerVersion=2.333.1&os=Windows&architecture=X64&disableUpdate=false has been cancelled.
[2026-04-06 10:49:56Z ERR  BrokerServer] Catch exception during request
[2026-04-06 10:49:56Z ERR  BrokerServer] System.Threading.Tasks.TaskCanceledException: The operation was canceled.
 ---> System.Threading.Tasks.TaskCanceledException: The operation was canceled.
 ---> System.IO.IOException: Unable to read data from the transport connection: The I/O operation has been aborted because of either a thread exit or an application request..
 ---> System.Net.Sockets.SocketException (995): The I/O operation has been aborted because of either a thread exit or an application request.
   --- End of inner exception stack trace ---
   at System.Net.Sockets.Socket.AwaitableSocketAsyncEventArgs.System.Threading.Tasks.Sources.IValueTaskSource<System.Int32>.GetResult(Int16 token)
   at System.Net.Security.SslStream.EnsureFullTlsFrameAsync[TIOAdapter](CancellationToken cancellationToken, Int32 estimatedSize)
   at System.Runtime.CompilerServices.PoolingAsyncValueTaskMethodBuilder`1.StateMachineBox`1.System.Threading.Tasks.Sources.IValueTaskSource<TResult>.GetResult(Int16 token)
   at System.Net.Security.SslStream.ReadAsyncInternal[TIOAdapter](Memory`1 buffer, CancellationToken cancellationToken)
   at System.Runtime.CompilerServices.PoolingAsyncValueTaskMethodBuilder`1.StateMachineBox`1.System.Threading.Tasks.Sources.IValueTaskSource<TResult>.GetResult(Int16 token)
   at System.Net.Http.HttpConnection.SendAsync(HttpRequestMessage request, Boolean async, CancellationToken cancellationToken)
   --- End of inner exception stack trace ---
   at System.Net.Http.HttpConnection.SendAsync(HttpRequestMessage request, Boolean async, CancellationToken cancellationToken)
   at System.Net.Http.AuthenticationHelper.SendWithNtAuthAsync(HttpRequestMessage request, Uri authUri, Boolean async, ICredentials credentials, Boolean isProxyAuth, HttpConnection connection, HttpConnectionPool connectionPool, CancellationToken cancellationToken)
   at System.Net.Http.HttpConnectionPool.SendWithVersionDetectionAndRetryAsync(HttpRequestMessage request, Boolean async, Boolean doRequestAuth, CancellationToken cancellationToken)
   at System.Net.Http.AuthenticationHelper.SendWithAuthAsync(HttpRequestMessage request, Uri authUri, Boolean async, ICredentials credentials, Boolean preAuthenticate, Boolean isProxyAuth, Boolean doRequestAuth, HttpConnectionPool pool, CancellationToken cancellationToken)
   at System.Net.Http.RedirectHandler.SendAsync(HttpRequestMessage request, Boolean async, CancellationToken cancellationToken)
   at GitHub.Services.Common.RawHttpMessageHandler.SendAsync(HttpRequestMessage request, CancellationToken cancellationToken)
   at GitHub.Services.Common.VssHttpRetryMessageHandler.SendAsync(HttpRequestMessage request, CancellationToken cancellationToken)
   at System.Net.Http.HttpClient.<SendAsync>g__Core|83_0(HttpRequestMessage request, HttpCompletionOption completionOption, CancellationTokenSource cts, Boolean disposeCts, CancellationTokenSource pendingRequestsCts, CancellationToken originalCancellationToken)
   --- End of inner exception stack trace ---
   at System.Net.Http.HttpClient.HandleFailure(Exception e, Boolean telemetryStarted, HttpResponseMessage response, CancellationTokenSource cts, CancellationToken cancellationToken, CancellationTokenSource pendingRequestsCts)
   at System.Net.Http.HttpClient.<SendAsync>g__Core|83_0(HttpRequestMessage request, HttpCompletionOption completionOption, CancellationTokenSource cts, Boolean disposeCts, CancellationTokenSource pendingRequestsCts, CancellationToken originalCancellationToken)
   at Sdk.WebApi.WebApi.RawHttpClientBase.SendAsync(HttpRequestMessage message, HttpCompletionOption completionOption, Object userState, CancellationToken cancellationToken)
   at Sdk.WebApi.WebApi.RawHttpClientBase.SendAsync[T](HttpRequestMessage message, Boolean readErrorBody, Object userState, CancellationToken cancellationToken)
   at Sdk.WebApi.WebApi.RawHttpClientBase.SendAsync[T](HttpMethod method, IEnumerable`1 additionalHeaders, Uri requestUri, HttpContent content, IEnumerable`1 queryParameters, Boolean readErrorBody, Object userState, CancellationToken cancellationToken)
   at GitHub.Actions.RunService.WebApi.BrokerHttpClient.GetRunnerMessageAsync(Nullable`1 sessionId, String runnerVersion, Nullable`1 status, String os, String architecture, Nullable`1 disableUpdate, CancellationToken cancellationToken)
   at GitHub.Runner.Common.BrokerServer.<>c__DisplayClass7_0.<<GetRunnerMessageAsync>b__0>d.MoveNext()
--- End of stack trace from previous location ---
   at GitHub.Runner.Common.RunnerService.RetryRequest[T](Func`1 func, CancellationToken cancellationToken, Int32 maxAttempts, Func`2 shouldRetry)
[2026-04-06 10:49:56Z ERR  BrokerServer] #####################################################
[2026-04-06 10:49:56Z ERR  BrokerServer] System.Threading.Tasks.TaskCanceledException: The operation was canceled.
 ---> System.IO.IOException: Unable to read data from the transport connection: The I/O operation has been aborted because of either a thread exit or an application request..
 ---> System.Net.Sockets.SocketException (995): The I/O operation has been aborted because of either a thread exit or an application request.
   --- End of inner exception stack trace ---
   at System.Net.Sockets.Socket.AwaitableSocketAsyncEventArgs.System.Threading.Tasks.Sources.IValueTaskSource<System.Int32>.GetResult(Int16 token)
   at System.Net.Security.SslStream.EnsureFullTlsFrameAsync[TIOAdapter](CancellationToken cancellationToken, Int32 estimatedSize)
   at System.Runtime.CompilerServices.PoolingAsyncValueTaskMethodBuilder`1.StateMachineBox`1.System.Threading.Tasks.Sources.IValueTaskSource<TResult>.GetResult(Int16 token)
   at System.Net.Security.SslStream.ReadAsyncInternal[TIOAdapter](Memory`1 buffer, CancellationToken cancellationToken)
   at System.Runtime.CompilerServices.PoolingAsyncValueTaskMethodBuilder`1.StateMachineBox`1.System.Threading.Tasks.Sources.IValueTaskSource<TResult>.GetResult(Int16 token)
   at System.Net.Http.HttpConnection.SendAsync(HttpRequestMessage request, Boolean async, CancellationToken cancellationToken)
   --- End of inner exception stack trace ---
   at System.Net.Http.HttpConnection.SendAsync(HttpRequestMessage request, Boolean async, CancellationToken cancellationToken)
   at System.Net.Http.AuthenticationHelper.SendWithNtAuthAsync(HttpRequestMessage request, Uri authUri, Boolean async, ICredentials credentials, Boolean isProxyAuth, HttpConnection connection, HttpConnectionPool connectionPool, CancellationToken cancellationToken)
   at System.Net.Http.HttpConnectionPool.SendWithVersionDetectionAndRetryAsync(HttpRequestMessage request, Boolean async, Boolean doRequestAuth, CancellationToken cancellationToken)
   at System.Net.Http.AuthenticationHelper.SendWithAuthAsync(HttpRequestMessage request, Uri authUri, Boolean async, ICredentials credentials, Boolean preAuthenticate, Boolean isProxyAuth, Boolean doRequestAuth, HttpConnectionPool pool, CancellationToken cancellationToken)
   at System.Net.Http.RedirectHandler.SendAsync(HttpRequestMessage request, Boolean async, CancellationToken cancellationToken)
   at GitHub.Services.Common.RawHttpMessageHandler.SendAsync(HttpRequestMessage request, CancellationToken cancellationToken)
   at GitHub.Services.Common.VssHttpRetryMessageHandler.SendAsync(HttpRequestMessage request, CancellationToken cancellationToken)
   at System.Net.Http.HttpClient.<SendAsync>g__Core|83_0(HttpRequestMessage request, HttpCompletionOption completionOption, CancellationTokenSource cts, Boolean disposeCts, CancellationTokenSource pendingRequestsCts, CancellationToken originalCancellationToken)
[2026-04-06 10:49:56Z ERR  BrokerServer] #####################################################
[2026-04-06 10:49:56Z ERR  BrokerServer] System.IO.IOException: Unable to read data from the transport connection: The I/O operation has been aborted because of either a thread exit or an application request..
 ---> System.Net.Sockets.SocketException (995): The I/O operation has been aborted because of either a thread exit or an application request.
   --- End of inner exception stack trace ---
   at System.Net.Sockets.Socket.AwaitableSocketAsyncEventArgs.System.Threading.Tasks.Sources.IValueTaskSource<System.Int32>.GetResult(Int16 token)
   at System.Net.Security.SslStream.EnsureFullTlsFrameAsync[TIOAdapter](CancellationToken cancellationToken, Int32 estimatedSize)
   at System.Runtime.CompilerServices.PoolingAsyncValueTaskMethodBuilder`1.StateMachineBox`1.System.Threading.Tasks.Sources.IValueTaskSource<TResult>.GetResult(Int16 token)
   at System.Net.Security.SslStream.ReadAsyncInternal[TIOAdapter](Memory`1 buffer, CancellationToken cancellationToken)
   at System.Runtime.CompilerServices.PoolingAsyncValueTaskMethodBuilder`1.StateMachineBox`1.System.Threading.Tasks.Sources.IValueTaskSource<TResult>.GetResult(Int16 token)
   at System.Net.Http.HttpConnection.SendAsync(HttpRequestMessage request, Boolean async, CancellationToken cancellationToken)
[2026-04-06 10:49:56Z ERR  BrokerServer] #####################################################
[2026-04-06 10:49:56Z ERR  BrokerServer] System.Net.Sockets.SocketException (995): The I/O operation has been aborted because of either a thread exit or an application request.
[2026-04-06 10:49:56Z WARN BrokerServer] Back off 12.443 seconds before next retry. 4 attempt left.
[2026-04-06 10:49:56Z INFO BrokerMessageListener] Get messages has been cancelled using local token source. Continue to get messages with new status.
